<?xml version="1.0" encoding="UTF-8"?>
<!-- Generated by org.testng.reporters.JUnitXMLReporter -->
<testsuite hostname="PINENOIL10685" ignored="0" name="Test" tests="3" failures="1" timestamp="27 Feb 2019 11:19:38 GMT" time="22.719" errors="0">
  <testcase name="DirectToCreatePromotionScreen" time="1.276" classname="com.PromoZone.Promotion.MainTestPackage.CreatePromotionMainClass"/>
  <testcase name="CreatePercentageTypePromotionScreen" time="3.939" classname="com.PromoZone.Promotion.MainTestPackage.CreatePromotionMainClass"/>
  <testcase name="AddContent" time="10.061" classname="com.PromoZone.Promotion.MainTestPackage.CreatePromotionMainClass">
    <failure type="org.openqa.selenium.TimeoutException" message="Expected condition failed: waiting for visibility of [[ChromeDriver: chrome on XP (f2da93263736227b44d6b68f65558f91)] -&amp;gt; xpath: //*[@id=&amp;quot;promoFormId&amp;quot;]/div[16]/div/a[2]] (tried for 10 second(s) with 500 milliseconds interval)
Build info: version: &amp;apos;3.14.0&amp;apos;, revision: &amp;apos;aacccce0&amp;apos;, time: &amp;apos;2018-08-02T20:19:58.91Z&amp;apos;
System info: host: &amp;apos;PINENOIL10685&amp;apos;, ip: &amp;apos;192.168.127.22&amp;apos;, os.name: &amp;apos;Windows 7&amp;apos;, os.arch: &amp;apos;amd64&amp;apos;, os.version: &amp;apos;6.1&amp;apos;, java.version: &amp;apos;1.8.0_201&amp;apos;
Driver info: org.openqa.selenium.chrome.ChromeDriver
Capabilities {acceptInsecureCerts: false, acceptSslCerts: false, applicationCacheEnabled: false, browserConnectionEnabled: false, browserName: chrome, chrome: {chromedriverVersion: 2.40.565498 (ea082db3280dd6..., userDataDir: C:\Users\PARAG~1.JAI\AppDat...}, cssSelectorsEnabled: true, databaseEnabled: false, handlesAlerts: true, hasTouchScreen: false, javascriptEnabled: true, locationContextEnabled: true, mobileEmulationEnabled: false, nativeEvents: true, networkConnectionEnabled: false, pageLoadStrategy: normal, platform: XP, platformName: XP, rotatable: false, setWindowRect: true, takesHeapSnapshot: true, takesScreenshot: true, unexpectedAlertBehaviour: , unhandledPromptBehavior: , version: 72.0.3626.119, webStorageEnabled: true}
Session ID: f2da93263736227b44d6b68f65558f91">
      <![CDATA[org.openqa.selenium.TimeoutException: Expected condition failed: waiting for visibility of [[ChromeDriver: chrome on XP (f2da93263736227b44d6b68f65558f91)] -> xpath: //*[@id="promoFormId"]/div[16]/div/a[2]] (tried for 10 second(s) with 500 milliseconds interval)
Build info: version: '3.14.0', revision: 'aacccce0', time: '2018-08-02T20:19:58.91Z'
System info: host: 'PINENOIL10685', ip: '192.168.127.22', os.name: 'Windows 7', os.arch: 'amd64', os.version: '6.1', java.version: '1.8.0_201'
Driver info: org.openqa.selenium.chrome.ChromeDriver
Capabilities {acceptInsecureCerts: false, acceptSslCerts: false, applicationCacheEnabled: false, browserConnectionEnabled: false, browserName: chrome, chrome: {chromedriverVersion: 2.40.565498 (ea082db3280dd6..., userDataDir: C:\Users\PARAG~1.JAI\AppDat...}, cssSelectorsEnabled: true, databaseEnabled: false, handlesAlerts: true, hasTouchScreen: false, javascriptEnabled: true, locationContextEnabled: true, mobileEmulationEnabled: false, nativeEvents: true, networkConnectionEnabled: false, pageLoadStrategy: normal, platform: XP, platformName: XP, rotatable: false, setWindowRect: true, takesHeapSnapshot: true, takesScreenshot: true, unexpectedAlertBehaviour: , unhandledPromptBehavior: , version: 72.0.3626.119, webStorageEnabled: true}
Session ID: f2da93263736227b44d6b68f65558f91
at org.openqa.selenium.support.ui.WebDriverWait.timeoutException(WebDriverWait.java:113)
at org.openqa.selenium.support.ui.FluentWait.until(FluentWait.java:283)
at com.PromoZone.Utilities.CommonFunctions.WaitforElementToBeVisible(CommonFunctions.java:12)
at com.PromoZone.Promotion.operations.AddContentActions.AddContent(AddContentActions.java:14)
at com.PromoZone.Promotion.MainTestPackage.CreatePromotionMainClass.AddContent(CreatePromotionMainClass.java:57)
... Removed 25 stack frames]]>
    </failure>
  </testcase> <!-- AddContent -->
</testsuite> <!-- Test -->
