<?xml version="1.0" encoding="UTF-8"?>
<!-- Generated by org.testng.reporters.JUnitXMLReporter -->
<testsuite hostname="PINENOIL10685" ignored="0" name="Test" tests="3" failures="0" timestamp="04 Mar 2019 09:28:34 GMT" time="34.47" errors="0">
  <testcase name="DirectToCreatePromotionScreen" time="1.491" classname="com.PromoZone.Promotion.MainTestPackage.CreatePromotionMainClass"/>
  <testcase name="CreatePromotion" time="3.222" classname="com.PromoZone.Promotion.MainTestPackage.CreatePromotionMainClass"/>
  <testcase name="AddContent" time="18.948" classname="com.PromoZone.Promotion.MainTestPackage.CreatePromotionMainClass"/>
</testsuite> <!-- Test -->
