<?xml version="1.0" encoding="UTF-8"?>
<testng-results skipped="0" failed="1" ignored="0" total="3" passed="2">
  <reporter-output>
  </reporter-output>
  <suite name="Suite" duration-ms="22719" started-at="2019-02-27T11:19:15Z" finished-at="2019-02-27T11:19:38Z">
    <groups>
    </groups>
    <test name="Test" duration-ms="22719" started-at="2019-02-27T11:19:15Z" finished-at="2019-02-27T11:19:38Z">
      <class name="com.PromoZone.Promotion.MainTestPackage.CreatePromotionMainClass">
        <test-method status="PASS" signature="InitiateDriver()[pri:0, instance:com.PromoZone.Promotion.MainTestPackage.CreatePromotionMainClass@26be92ad]" name="InitiateDriver" is-config="true" duration-ms="7406" started-at="2019-02-27T11:19:16Z" finished-at="2019-02-27T11:19:23Z">
          <reporter-output>
          </reporter-output>
        </test-method> <!-- InitiateDriver -->
        <test-method status="PASS" signature="DirectToCreatePromotionScreen()[pri:1, instance:com.PromoZone.Promotion.MainTestPackage.CreatePromotionMainClass@26be92ad]" name="DirectToCreatePromotionScreen" duration-ms="1276" started-at="2019-02-27T11:19:23Z" finished-at="2019-02-27T11:19:24Z">
          <reporter-output>
          </reporter-output>
        </test-method> <!-- DirectToCreatePromotionScreen -->
        <test-method status="PASS" signature="CreatePercentageTypePromotionScreen()[pri:0, instance:com.PromoZone.Promotion.MainTestPackage.CreatePromotionMainClass@26be92ad]" name="CreatePercentageTypePromotionScreen" duration-ms="3939" started-at="2019-02-27T11:19:24Z" depends-on-methods="com.PromoZone.Promotion.MainTestPackage.CreatePromotionMainClass.DirectToCreatePromotionScreen" finished-at="2019-02-27T11:19:28Z">
          <reporter-output>
          </reporter-output>
        </test-method> <!-- CreatePercentageTypePromotionScreen -->
        <test-method status="FAIL" signature="AddContent()[pri:0, instance:com.PromoZone.Promotion.MainTestPackage.CreatePromotionMainClass@26be92ad]" name="AddContent" duration-ms="10061" started-at="2019-02-27T11:19:28Z" depends-on-methods="com.PromoZone.Promotion.MainTestPackage.CreatePromotionMainClass.CreatePercentageTypePromotionScreen" finished-at="2019-02-27T11:19:38Z">
          <exception class="org.openqa.selenium.TimeoutException">
            <message>
              <![CDATA[Expected condition failed: waiting for visibility of [[ChromeDriver: chrome on XP (f2da93263736227b44d6b68f65558f91)] -> xpath: //*[@id="promoFormId"]/div[16]/div/a[2]] (tried for 10 second(s) with 500 milliseconds interval)
Build info: version: '3.14.0', revision: 'aacccce0', time: '2018-08-02T20:19:58.91Z'
System info: host: 'PINENOIL10685', ip: '192.168.127.22', os.name: 'Windows 7', os.arch: 'amd64', os.version: '6.1', java.version: '1.8.0_201'
Driver info: org.openqa.selenium.chrome.ChromeDriver
Capabilities {acceptInsecureCerts: false, acceptSslCerts: false, applicationCacheEnabled: false, browserConnectionEnabled: false, browserName: chrome, chrome: {chromedriverVersion: 2.40.565498 (ea082db3280dd6..., userDataDir: C:\Users\PARAG~1.JAI\AppDat...}, cssSelectorsEnabled: true, databaseEnabled: false, handlesAlerts: true, hasTouchScreen: false, javascriptEnabled: true, locationContextEnabled: true, mobileEmulationEnabled: false, nativeEvents: true, networkConnectionEnabled: false, pageLoadStrategy: normal, platform: XP, platformName: XP, rotatable: false, setWindowRect: true, takesHeapSnapshot: true, takesScreenshot: true, unexpectedAlertBehaviour: , unhandledPromptBehavior: , version: 72.0.3626.119, webStorageEnabled: true}
Session ID: f2da93263736227b44d6b68f65558f91]]>
            </message>
            <full-stacktrace>
              <![CDATA[org.openqa.selenium.TimeoutException: Expected condition failed: waiting for visibility of [[ChromeDriver: chrome on XP (f2da93263736227b44d6b68f65558f91)] -> xpath: //*[@id="promoFormId"]/div[16]/div/a[2]] (tried for 10 second(s) with 500 milliseconds interval)
Build info: version: '3.14.0', revision: 'aacccce0', time: '2018-08-02T20:19:58.91Z'
System info: host: 'PINENOIL10685', ip: '192.168.127.22', os.name: 'Windows 7', os.arch: 'amd64', os.version: '6.1', java.version: '1.8.0_201'
Driver info: org.openqa.selenium.chrome.ChromeDriver
Capabilities {acceptInsecureCerts: false, acceptSslCerts: false, applicationCacheEnabled: false, browserConnectionEnabled: false, browserName: chrome, chrome: {chromedriverVersion: 2.40.565498 (ea082db3280dd6..., userDataDir: C:\Users\PARAG~1.JAI\AppDat...}, cssSelectorsEnabled: true, databaseEnabled: false, handlesAlerts: true, hasTouchScreen: false, javascriptEnabled: true, locationContextEnabled: true, mobileEmulationEnabled: false, nativeEvents: true, networkConnectionEnabled: false, pageLoadStrategy: normal, platform: XP, platformName: XP, rotatable: false, setWindowRect: true, takesHeapSnapshot: true, takesScreenshot: true, unexpectedAlertBehaviour: , unhandledPromptBehavior: , version: 72.0.3626.119, webStorageEnabled: true}
Session ID: f2da93263736227b44d6b68f65558f91
at org.openqa.selenium.support.ui.WebDriverWait.timeoutException(WebDriverWait.java:113)
at org.openqa.selenium.support.ui.FluentWait.until(FluentWait.java:283)
at com.PromoZone.Utilities.CommonFunctions.WaitforElementToBeVisible(CommonFunctions.java:12)
at com.PromoZone.Promotion.operations.AddContentActions.AddContent(AddContentActions.java:14)
at com.PromoZone.Promotion.MainTestPackage.CreatePromotionMainClass.AddContent(CreatePromotionMainClass.java:57)
at sun.reflect.NativeMethodAccessorImpl.invoke0(Native Method)
at sun.reflect.NativeMethodAccessorImpl.invoke(Unknown Source)
at sun.reflect.DelegatingMethodAccessorImpl.invoke(Unknown Source)
at java.lang.reflect.Method.invoke(Unknown Source)
at org.testng.internal.MethodInvocationHelper.invokeMethod(MethodInvocationHelper.java:124)
at org.testng.internal.Invoker.invokeMethod(Invoker.java:583)
at org.testng.internal.Invoker.invokeTestMethod(Invoker.java:719)
at org.testng.internal.Invoker.invokeTestMethods(Invoker.java:989)
at org.testng.internal.TestMethodWorker.invokeTestMethods(TestMethodWorker.java:125)
at org.testng.internal.TestMethodWorker.run(TestMethodWorker.java:109)
at org.testng.TestRunner.privateRun(TestRunner.java:648)
at org.testng.TestRunner.run(TestRunner.java:505)
at org.testng.SuiteRunner.runTest(SuiteRunner.java:455)
at org.testng.SuiteRunner.runSequentially(SuiteRunner.java:450)
at org.testng.SuiteRunner.privateRun(SuiteRunner.java:415)
at org.testng.SuiteRunner.run(SuiteRunner.java:364)
at org.testng.SuiteRunnerWorker.runSuite(SuiteRunnerWorker.java:52)
at org.testng.SuiteRunnerWorker.run(SuiteRunnerWorker.java:84)
at org.testng.TestNG.runSuitesSequentially(TestNG.java:1208)
at org.testng.TestNG.runSuitesLocally(TestNG.java:1137)
at org.testng.TestNG.runSuites(TestNG.java:1049)
at org.testng.TestNG.run(TestNG.java:1017)
at org.testng.remote.AbstractRemoteTestNG.run(AbstractRemoteTestNG.java:114)
at org.testng.remote.RemoteTestNG.initAndRun(RemoteTestNG.java:251)
at org.testng.remote.RemoteTestNG.main(RemoteTestNG.java:77)
]]>
            </full-stacktrace>
          </exception> <!-- org.openqa.selenium.TimeoutException -->
          <reporter-output>
          </reporter-output>
        </test-method> <!-- AddContent -->
      </class> <!-- com.PromoZone.Promotion.MainTestPackage.CreatePromotionMainClass -->
    </test> <!-- Test -->
  </suite> <!-- Suite -->
</testng-results>
