<?xml version="1.0" encoding="UTF-8"?>
<testng-results skipped="0" failed="0" ignored="0" total="3" passed="3">
  <reporter-output>
  </reporter-output>
  <suite name="Suite" duration-ms="32026" started-at="2019-03-01T05:38:16Z" finished-at="2019-03-01T05:38:48Z">
    <groups>
    </groups>
    <test name="Test" duration-ms="32026" started-at="2019-03-01T05:38:16Z" finished-at="2019-03-01T05:38:48Z">
      <class name="com.PromoZone.Promotion.MainTestPackage.CreatePromotionMainClass2">
        <test-method status="PASS" signature="InitiateDriver()[pri:0, instance:com.PromoZone.Promotion.MainTestPackage.CreatePromotionMainClass2@598067a5]" name="InitiateDriver" is-config="true" duration-ms="8234" started-at="2019-03-01T05:38:16Z" finished-at="2019-03-01T05:38:24Z">
          <reporter-output>
          </reporter-output>
        </test-method> <!-- InitiateDriver -->
        <test-method status="PASS" signature="DirectToCreatePromotionScreen()[pri:1, instance:com.PromoZone.Promotion.MainTestPackage.CreatePromotionMainClass2@598067a5]" name="DirectToCreatePromotionScreen" duration-ms="1360" started-at="2019-03-01T05:38:24Z" finished-at="2019-03-01T05:38:26Z">
          <reporter-output>
          </reporter-output>
        </test-method> <!-- DirectToCreatePromotionScreen -->
        <test-method status="PASS" signature="CreatePromotion(java.lang.String)[pri:0, instance:com.PromoZone.Promotion.MainTestPackage.CreatePromotionMainClass2@598067a5]" name="CreatePromotion" duration-ms="3878" started-at="2019-03-01T05:38:26Z" depends-on-methods="com.PromoZone.Promotion.MainTestPackage.CreatePromotionMainClass2.DirectToCreatePromotionScreen" finished-at="2019-03-01T05:38:29Z">
          <params>
            <param index="0">
              <value>
                <![CDATA[Fixed]]>
              </value>
            </param>
          </params>
          <reporter-output>
          </reporter-output>
        </test-method> <!-- CreatePromotion -->
        <test-method status="PASS" signature="AddContent(java.lang.String)[pri:0, instance:com.PromoZone.Promotion.MainTestPackage.CreatePromotionMainClass2@598067a5]" name="AddContent" duration-ms="15816" started-at="2019-03-01T05:38:29Z" depends-on-methods="com.PromoZone.Promotion.MainTestPackage.CreatePromotionMainClass2.CreatePromotion" finished-at="2019-03-01T05:38:45Z">
          <params>
            <param index="0">
              <value>
                <![CDATA[Fixed]]>
              </value>
            </param>
          </params>
          <reporter-output>
          </reporter-output>
        </test-method> <!-- AddContent -->
        <test-method status="PASS" signature="DriverClose()[pri:0, instance:com.PromoZone.Promotion.MainTestPackage.CreatePromotionMainClass2@598067a5]" name="DriverClose" is-config="true" duration-ms="2692" started-at="2019-03-01T05:38:45Z" finished-at="2019-03-01T05:38:48Z">
          <reporter-output>
          </reporter-output>
        </test-method> <!-- DriverClose -->
      </class> <!-- com.PromoZone.Promotion.MainTestPackage.CreatePromotionMainClass2 -->
    </test> <!-- Test -->
  </suite> <!-- Suite -->
</testng-results>
